\BOOKMARK [1][-]{section.1}{\376\377\000I\000n\000t\000r\000o\000d\000u\000c\000t\000i\000o\000n}{}% 1
\BOOKMARK [2][-]{subsection.1.1}{\376\377\000R\000e\000i\000n\000f\000o\000r\000c\000e\000m\000e\000n\000t\000\040\000L\000e\000a\000r\000n\000i\000n\000g\000\040\000a\000s\000\040\000a\000\040\000F\000r\000a\000m\000e\000w\000o\000r\000k\000\040\000f\000o\000r\000\040\000U\000n\000d\000e\000r\000s\000t\000a\000n\000d\000i\000n\000g\000\040\000D\000e\000c\000i\000s\000i\000o\000n\000-\000M\000a\000k\000i\000n\000g}{section.1}% 2
\BOOKMARK [2][-]{subsection.1.2}{\376\377\000E\000l\000e\000c\000t\000r\000o\000n\000i\000c\000\040\000G\000a\000m\000b\000l\000i\000n\000g\000\040\000M\000a\000c\000h\000i\000n\000e\000s\000\040\000a\000n\000d\000\040\000P\000s\000y\000c\000h\000o\000l\000o\000g\000i\000c\000a\000l\000\040\000S\000a\000l\000i\000e\000n\000c\000e}{section.1}% 3
\BOOKMARK [2][-]{subsection.1.3}{\376\377\000N\000e\000u\000r\000o\000c\000o\000g\000n\000i\000t\000i\000v\000e\000\040\000M\000e\000c\000h\000a\000n\000i\000s\000m\000s\000\040\000o\000f\000\040\000S\000a\000l\000i\000e\000n\000c\000e\000\040\000a\000n\000d\000\040\000R\000e\000w\000a\000r\000d\000\040\000P\000r\000o\000c\000e\000s\000s\000i\000n\000g}{section.1}% 4
\BOOKMARK [2][-]{subsection.1.4}{\376\377\000I\000n\000d\000i\000v\000i\000d\000u\000a\000l\000\040\000D\000i\000f\000f\000e\000r\000e\000n\000c\000e\000s\000\040\000i\000n\000\040\000S\000u\000s\000c\000e\000p\000t\000i\000b\000i\000l\000i\000t\000y\000\040\000t\000o\000\040\000S\000a\000l\000i\000e\000n\000t\000\040\000C\000u\000e\000s}{section.1}% 5
\BOOKMARK [2][-]{subsection.1.5}{\376\377\000R\000e\000s\000e\000a\000r\000c\000h\000\040\000G\000a\000p\000s\000\040\000a\000n\000d\000\040\000C\000u\000r\000r\000e\000n\000t\000\040\000S\000t\000u\000d\000y}{section.1}% 6
\BOOKMARK [1][-]{section.2}{\376\377\000M\000e\000t\000h\000o\000d}{}% 7
\BOOKMARK [2][-]{subsection.2.1}{\376\377\000P\000a\000r\000t\000i\000c\000i\000p\000a\000n\000t\000s}{section.2}% 8
\BOOKMARK [2][-]{subsection.2.2}{\376\377\000M\000a\000t\000e\000r\000i\000a\000l\000s}{section.2}% 9
\BOOKMARK [3][-]{subsubsection.2.2.1}{\376\377\000T\000a\000s\000k\000\040\000A\000p\000p\000a\000r\000a\000t\000u\000s}{subsection.2.2}% 10
\BOOKMARK [3][-]{subsubsection.2.2.2}{\376\377\000T\000a\000s\000k\000\040\000S\000t\000i\000m\000u\000l\000i}{subsection.2.2}% 11
\BOOKMARK [3][-]{subsubsection.2.2.3}{\376\377\000Q\000u\000e\000s\000t\000i\000o\000n\000n\000a\000i\000r\000e\000s}{subsection.2.2}% 12
\BOOKMARK [2][-]{subsection.2.3}{\376\377\000P\000r\000o\000c\000e\000d\000u\000r\000e}{section.2}% 13
\BOOKMARK [2][-]{subsection.2.4}{\376\377\000T\000a\000s\000k\000\040\000D\000e\000s\000i\000g\000n}{section.2}% 14
\BOOKMARK [3][-]{subsubsection.2.4.1}{\376\377\000B\000a\000s\000i\000c\000\040\000S\000t\000r\000u\000c\000t\000u\000r\000e\000\040\000a\000n\000d\000\040\000T\000r\000i\000a\000l\000\040\000E\000v\000e\000n\000t\000s}{subsection.2.4}% 15
\BOOKMARK [3][-]{subsubsection.2.4.2}{\376\377\000R\000e\000w\000a\000r\000d\000\040\000S\000t\000r\000u\000c\000t\000u\000r\000e\000\040\000a\000n\000d\000\040\000`\000`\000R\000e\000s\000t\000l\000e\000s\000s\000'\000'\000\040\000P\000r\000o\000b\000a\000b\000i\000l\000i\000t\000i\000e\000s}{subsection.2.4}% 16
\BOOKMARK [3][-]{subsubsection.2.4.3}{\376\377\000F\000e\000e\000d\000b\000a\000c\000k\000\040\000C\000o\000n\000d\000i\000t\000i\000o\000n\000s}{subsection.2.4}% 17
\BOOKMARK [3][-]{subsubsection.2.4.4}{\376\377\000D\000a\000t\000a\000\040\000C\000o\000l\000l\000e\000c\000t\000i\000o\000n}{subsection.2.4}% 18
\BOOKMARK [2][-]{subsection.2.5}{\376\377\000E\000t\000h\000i\000c\000a\000l\000\040\000C\000o\000n\000s\000i\000d\000e\000r\000a\000t\000i\000o\000n\000s}{section.2}% 19
\BOOKMARK [2][-]{subsection.2.6}{\376\377\000S\000t\000a\000t\000i\000s\000t\000i\000c\000a\000l\000\040\000A\000p\000p\000r\000o\000a\000c\000h}{section.2}% 20
\BOOKMARK [3][-]{subsubsection.2.6.1}{\376\377\000D\000a\000t\000a\000\040\000P\000r\000e\000p\000r\000o\000c\000e\000s\000s\000i\000n\000g}{subsection.2.6}% 21
\BOOKMARK [3][-]{subsubsection.2.6.2}{\376\377\000M\000o\000d\000e\000l\000-\000A\000g\000n\000o\000s\000t\000i\000c\000\040\000B\000e\000h\000a\000v\000i\000o\000r\000a\000l\000\040\000A\000n\000a\000l\000y\000s\000i\000s}{subsection.2.6}% 22
\BOOKMARK [3][-]{subsubsection.2.6.3}{\376\377\000H\000i\000e\000r\000a\000r\000c\000h\000i\000c\000a\000l\000\040\000B\000a\000y\000e\000s\000i\000a\000n\000\040\000M\000o\000d\000e\000l\000i\000n\000g}{subsection.2.6}% 23
\BOOKMARK [3][-]{subsubsection.2.6.4}{\376\377\000E\000x\000p\000l\000o\000r\000a\000t\000o\000r\000y\000\040\000A\000n\000a\000l\000y\000s\000i\000s\000\040\000o\000f\000\040\000I\000n\000t\000e\000r\000i\000n\000d\000i\000v\000i\000d\000u\000a\000l\000\040\000D\000i\000f\000f\000e\000r\000e\000n\000c\000e\000s}{subsection.2.6}% 24
\BOOKMARK [1][-]{section.3}{\376\377\000R\000e\000s\000u\000l\000t\000s}{}% 25
\BOOKMARK [1][-]{section.4}{\376\377\000D\000i\000s\000c\000u\000s\000s\000i\000o\000n}{}% 26
\BOOKMARK [2][-]{subsection.4.1}{\376\377\000T\000a\000s\000k\000\040\000I\000n\000s\000t\000r\000u\000c\000t\000i\000o\000n\000s\000\040\000\050\000E\000n\000g\000l\000i\000s\000h\000\040\000T\000r\000a\000n\000s\000l\000a\000t\000i\000o\000n\000\051}{section.4}% 27
\BOOKMARK [2][-]{subsection.4.2}{\376\377\000Q\000u\000e\000s\000t\000i\000o\000n\000n\000a\000i\000r\000e\000\040\000I\000t\000e\000m\000s}{section.4}% 28
\BOOKMARK [3][-]{subsubsection.4.2.1}{\376\377\000B\000a\000r\000r\000a\000t\000t\000\040\000I\000m\000p\000u\000l\000s\000i\000v\000e\000n\000e\000s\000s\000\040\000S\000c\000a\000l\000e\000\040\000\050\000B\000I\000S\000-\0001\0005\000\051\000\040\000-\000\040\000G\000e\000r\000m\000a\000n\000\040\000V\000e\000r\000s\000i\000o\000n}{subsection.4.2}% 29
\BOOKMARK [3][-]{subsubsection.4.2.2}{\376\377\000S\000e\000n\000s\000a\000t\000i\000o\000n\000\040\000S\000e\000e\000k\000i\000n\000g\000\040\000S\000c\000a\000l\000e\000\040\000\050\000S\000S\000S\000\051\000\040\000-\000\040\000G\000e\000r\000m\000a\000n\000\040\000S\000h\000o\000r\000t\000\040\000V\000e\000r\000s\000i\000o\000n}{subsection.4.2}% 30
\BOOKMARK [2][-]{subsection.4.3}{\376\377\000M\000o\000d\000e\000l\000\040\000S\000p\000e\000c\000i\000f\000i\000c\000a\000t\000i\000o\000n\000s}{section.4}% 31
\BOOKMARK [3][-]{subsubsection.4.3.1}{\376\377\000S\000t\000a\000n\000\040\000M\000o\000d\000e\000l\000\040\000C\000o\000d\000e}{subsection.4.3}% 32
\BOOKMARK [3][-]{subsubsection.4.3.2}{\376\377\000P\000r\000i\000o\000r\000\040\000S\000p\000e\000c\000i\000f\000i\000c\000a\000t\000i\000o\000n\000s}{subsection.4.3}% 33
\BOOKMARK [2][-]{subsection.4.4}{\376\377\000A\000d\000d\000i\000t\000i\000o\000n\000a\000l\000\040\000A\000n\000a\000l\000y\000s\000e\000s}{section.4}% 34
\BOOKMARK [3][-]{subsubsection.4.4.1}{\376\377\000M\000o\000d\000e\000l\000\040\000C\000o\000m\000p\000a\000r\000i\000s\000o\000n}{subsection.4.4}% 35
\BOOKMARK [3][-]{subsubsection.4.4.2}{\376\377\000S\000e\000n\000s\000i\000t\000i\000v\000i\000t\000y\000\040\000A\000n\000a\000l\000y\000s\000e\000s}{subsection.4.4}% 36
\BOOKMARK [2][-]{subsection.4.5}{\376\377\000D\000a\000t\000a\000\040\000a\000n\000d\000\040\000C\000o\000d\000e\000\040\000A\000v\000a\000i\000l\000a\000b\000i\000l\000i\000t\000y}{section.4}% 37
\BOOKMARK [3][-]{subsubsection.4.5.1}{\376\377\000D\000a\000t\000a\000\040\000S\000h\000a\000r\000i\000n\000g}{subsection.4.5}% 38
\BOOKMARK [3][-]{subsubsection.4.5.2}{\376\377\000C\000o\000d\000e\000\040\000R\000e\000p\000o\000s\000i\000t\000o\000r\000y}{subsection.4.5}% 39
\BOOKMARK [2][-]{subsection.4.6}{\376\377\000E\000t\000h\000i\000c\000a\000l\000\040\000A\000p\000p\000r\000o\000v\000a\000l\000\040\000D\000o\000c\000u\000m\000e\000n\000t\000a\000t\000i\000o\000n}{section.4}% 40
\BOOKMARK [2][-]{subsection.4.7}{\376\377\000P\000r\000e\000r\000e\000g\000i\000s\000t\000r\000a\000t\000i\000o\000n}{section.4}% 41
